mode: atomic
github.com/renproject/pack/value.go:38.40,40.2 1 1
github.com/renproject/pack/value.go:44.32,46.2 1 1
github.com/renproject/pack/value.go:51.50,53.16 2 10
github.com/renproject/pack/value.go:56.2,59.4 1 10
github.com/renproject/pack/value.go:53.16,55.3 1 0
github.com/renproject/pack/value.go:66.54,73.16 4 10
github.com/renproject/pack/value.go:76.2,77.16 2 10
github.com/renproject/pack/value.go:80.2,81.16 2 10
github.com/renproject/pack/value.go:84.2,85.9 2 10
github.com/renproject/pack/value.go:88.2,89.12 2 10
github.com/renproject/pack/value.go:73.16,75.3 1 0
github.com/renproject/pack/value.go:77.16,79.3 1 0
github.com/renproject/pack/value.go:81.16,83.3 1 0
github.com/renproject/pack/value.go:85.9,87.3 1 0
github.com/renproject/pack/value.go:94.35,96.2 1 50
github.com/renproject/pack/value.go:100.70,102.77 2 127236
github.com/renproject/pack/value.go:105.2,105.65 1 26548
github.com/renproject/pack/value.go:108.2,108.22 1 30
github.com/renproject/pack/value.go:102.77,104.3 1 100688
github.com/renproject/pack/value.go:105.65,107.3 1 26518
github.com/renproject/pack/value.go:114.73,118.61 4 126649
github.com/renproject/pack/value.go:121.2,121.63 1 25621
github.com/renproject/pack/value.go:124.2,125.9 2 12
github.com/renproject/pack/value.go:128.2,129.22 2 10
github.com/renproject/pack/value.go:118.61,120.3 1 101028
github.com/renproject/pack/value.go:121.63,123.3 1 25609
github.com/renproject/pack/value.go:125.9,127.3 1 2
github.com/renproject/pack/value.go:135.61,137.2 1 60
github.com/renproject/pack/value.go:142.71,145.33 3 4369
github.com/renproject/pack/value.go:176.2,177.10 2 4000
github.com/renproject/pack/value.go:146.16,147.34 1 363
github.com/renproject/pack/value.go:148.14,149.27 1 365
github.com/renproject/pack/value.go:150.15,151.28 1 336
github.com/renproject/pack/value.go:152.15,153.28 1 371
github.com/renproject/pack/value.go:154.15,155.28 1 346
github.com/renproject/pack/value.go:156.16,157.29 1 344
github.com/renproject/pack/value.go:158.16,159.29 1 389
github.com/renproject/pack/value.go:160.18,161.33 1 369
github.com/renproject/pack/value.go:162.17,163.30 1 370
github.com/renproject/pack/value.go:164.19,165.32 1 353
github.com/renproject/pack/value.go:166.19,167.32 1 394
github.com/renproject/pack/value.go:168.18,169.19 1 369
github.com/renproject/pack/value.go:172.3,172.31 1 0
github.com/renproject/pack/value.go:173.10,174.34 1 0
github.com/renproject/pack/value.go:169.19,171.4 1 369
github.com/renproject/pack/bool.go:16.27,18.2 1 431
github.com/renproject/pack/bool.go:21.27,23.2 1 601014
github.com/renproject/pack/bool.go:26.34,28.2 1 2
github.com/renproject/pack/bool.go:32.30,34.2 1 366
github.com/renproject/pack/bool.go:37.65,39.2 1 113527
github.com/renproject/pack/bool.go:42.68,44.2 1 47867
github.com/renproject/pack/bool.go:48.45,50.2 1 54
github.com/renproject/pack/bool.go:54.49,56.2 1 54
github.com/renproject/pack/bool.go:60.31,61.7 1 2
github.com/renproject/pack/bool.go:64.2,64.16 1 1
github.com/renproject/pack/bool.go:61.7,63.3 1 1
github.com/renproject/pack/bool.go:69.60,72.2 2 423
github.com/renproject/pack/bytes.go:23.33,25.2 1 933
github.com/renproject/pack/bytes.go:28.27,30.2 1 579266
github.com/renproject/pack/bytes.go:33.38,35.2 1 200
github.com/renproject/pack/bytes.go:39.32,41.2 1 365
github.com/renproject/pack/bytes.go:44.67,46.2 1 131713
github.com/renproject/pack/bytes.go:49.70,51.2 1 65712
github.com/renproject/pack/bytes.go:55.47,57.2 1 60
github.com/renproject/pack/bytes.go:61.51,63.2 1 60
github.com/renproject/pack/bytes.go:67.33,69.2 1 100
github.com/renproject/pack/bytes.go:73.62,76.2 2 429
github.com/renproject/pack/bytes.go:82.31,83.14 1 1135
github.com/renproject/pack/bytes.go:86.2,86.17 1 1135
github.com/renproject/pack/bytes.go:83.14,85.3 1 3
github.com/renproject/pack/bytes.go:90.26,92.2 1 650847
github.com/renproject/pack/bytes.go:95.36,97.2 1 200
github.com/renproject/pack/bytes.go:102.31,104.2 1 376
github.com/renproject/pack/bytes.go:107.66,109.2 1 129367
github.com/renproject/pack/bytes.go:112.69,114.2 1 63670
github.com/renproject/pack/bytes.go:118.46,120.2 1 251
github.com/renproject/pack/bytes.go:124.50,126.51 2 51
github.com/renproject/pack/bytes.go:129.2,130.16 2 51
github.com/renproject/pack/bytes.go:133.2,134.12 2 51
github.com/renproject/pack/bytes.go:126.51,128.3 1 0
github.com/renproject/pack/bytes.go:130.16,132.3 1 0
github.com/renproject/pack/bytes.go:138.32,140.2 1 100
github.com/renproject/pack/bytes.go:145.61,148.2 2 430
github.com/renproject/pack/bytes.go:154.37,156.2 1 1016
github.com/renproject/pack/bytes.go:159.28,161.2 1 576423
github.com/renproject/pack/bytes.go:164.33,167.2 2 100
github.com/renproject/pack/bytes.go:170.41,172.2 1 200
github.com/renproject/pack/bytes.go:176.33,178.2 1 355
github.com/renproject/pack/bytes.go:181.68,182.31 1 120161
github.com/renproject/pack/bytes.go:185.2,186.32 2 114113
github.com/renproject/pack/bytes.go:182.31,184.3 1 6048
github.com/renproject/pack/bytes.go:190.71,191.31 1 57529
github.com/renproject/pack/bytes.go:194.2,195.32 2 54105
github.com/renproject/pack/bytes.go:191.31,193.3 1 3424
github.com/renproject/pack/bytes.go:200.48,202.2 1 56
github.com/renproject/pack/bytes.go:206.52,208.51 2 156
github.com/renproject/pack/bytes.go:211.2,212.16 2 156
github.com/renproject/pack/bytes.go:215.2,215.21 1 156
github.com/renproject/pack/bytes.go:218.2,219.12 2 56
github.com/renproject/pack/bytes.go:208.51,210.3 1 0
github.com/renproject/pack/bytes.go:212.16,214.3 1 0
github.com/renproject/pack/bytes.go:215.21,217.3 1 100
github.com/renproject/pack/bytes.go:223.34,225.2 1 100
github.com/renproject/pack/bytes.go:230.63,233.2 2 413
github.com/renproject/pack/bytes.go:239.37,241.2 1 1058
github.com/renproject/pack/bytes.go:244.28,246.2 1 522782
github.com/renproject/pack/bytes.go:249.33,252.2 2 100
github.com/renproject/pack/bytes.go:255.41,257.2 1 200
github.com/renproject/pack/bytes.go:261.33,263.2 1 381
github.com/renproject/pack/bytes.go:266.68,267.31 1 149811
github.com/renproject/pack/bytes.go:270.2,271.32 2 136486
github.com/renproject/pack/bytes.go:267.31,269.3 1 13325
github.com/renproject/pack/bytes.go:275.71,276.31 1 62475
github.com/renproject/pack/bytes.go:279.2,280.32 2 55259
github.com/renproject/pack/bytes.go:276.31,278.3 1 7216
github.com/renproject/pack/bytes.go:285.48,287.2 1 68
github.com/renproject/pack/bytes.go:291.52,293.51 2 168
github.com/renproject/pack/bytes.go:296.2,297.16 2 168
github.com/renproject/pack/bytes.go:300.2,300.21 1 168
github.com/renproject/pack/bytes.go:303.2,304.12 2 68
github.com/renproject/pack/bytes.go:293.51,295.3 1 0
github.com/renproject/pack/bytes.go:297.16,299.3 1 0
github.com/renproject/pack/bytes.go:300.21,302.3 1 100
github.com/renproject/pack/bytes.go:308.34,310.2 1 100
github.com/renproject/pack/bytes.go:315.63,318.2 2 454
github.com/renproject/pack/int.go:21.24,23.2 1 3269
github.com/renproject/pack/int.go:26.23,28.2 1 620275
github.com/renproject/pack/int.go:31.28,33.2 1 600
github.com/renproject/pack/int.go:36.31,38.26 2 300
github.com/renproject/pack/int.go:41.2,41.12 1 200
github.com/renproject/pack/int.go:38.26,39.20 1 100
github.com/renproject/pack/int.go:45.31,47.26 2 300
github.com/renproject/pack/int.go:50.2,50.12 1 200
github.com/renproject/pack/int.go:47.26,48.21 1 100
github.com/renproject/pack/int.go:55.35,57.28 2 300
github.com/renproject/pack/int.go:57.28,58.20 1 100
github.com/renproject/pack/int.go:64.35,66.20 2 300
github.com/renproject/pack/int.go:69.2,69.16 1 200
github.com/renproject/pack/int.go:66.20,67.21 1 100
github.com/renproject/pack/int.go:74.35,76.2 1 200
github.com/renproject/pack/int.go:79.29,81.2 1 819
github.com/renproject/pack/int.go:84.64,86.2 1 128406
github.com/renproject/pack/int.go:89.67,91.2 1 54098
github.com/renproject/pack/int.go:95.44,97.2 1 144
github.com/renproject/pack/int.go:101.48,103.51 2 144
github.com/renproject/pack/int.go:106.2,107.16 2 144
github.com/renproject/pack/int.go:110.2,111.12 2 144
github.com/renproject/pack/int.go:103.51,105.3 1 0
github.com/renproject/pack/int.go:107.16,109.3 1 0
github.com/renproject/pack/int.go:114.30,116.2 1 1946
github.com/renproject/pack/int.go:124.27,126.2 1 3038
github.com/renproject/pack/int.go:129.29,131.2 1 100
github.com/renproject/pack/int.go:134.24,136.2 1 522910
github.com/renproject/pack/int.go:139.32,141.2 1 500
github.com/renproject/pack/int.go:144.35,146.27 2 300
github.com/renproject/pack/int.go:149.2,149.12 1 200
github.com/renproject/pack/int.go:146.27,147.20 1 100
github.com/renproject/pack/int.go:153.35,155.27 2 300
github.com/renproject/pack/int.go:158.2,158.12 1 200
github.com/renproject/pack/int.go:155.27,156.21 1 100
github.com/renproject/pack/int.go:163.38,165.29 2 300
github.com/renproject/pack/int.go:165.29,166.20 1 100
github.com/renproject/pack/int.go:172.38,174.21 2 300
github.com/renproject/pack/int.go:177.2,177.17 1 200
github.com/renproject/pack/int.go:174.21,175.21 1 100
github.com/renproject/pack/int.go:182.38,184.2 1 200
github.com/renproject/pack/int.go:187.31,189.2 1 790
github.com/renproject/pack/int.go:192.66,194.2 1 113189
github.com/renproject/pack/int.go:197.69,199.2 1 46880
github.com/renproject/pack/int.go:203.46,205.2 1 145
github.com/renproject/pack/int.go:209.50,211.51 2 145
github.com/renproject/pack/int.go:214.2,215.16 2 145
github.com/renproject/pack/int.go:218.2,219.12 2 145
github.com/renproject/pack/int.go:211.51,213.3 1 0
github.com/renproject/pack/int.go:215.16,217.3 1 0
github.com/renproject/pack/int.go:222.32,224.2 1 1945
github.com/renproject/pack/int.go:232.27,234.2 1 2874
github.com/renproject/pack/int.go:237.29,239.2 1 100
github.com/renproject/pack/int.go:242.31,244.2 1 100
github.com/renproject/pack/int.go:247.24,249.2 1 531521
github.com/renproject/pack/int.go:252.32,254.2 1 400
github.com/renproject/pack/int.go:257.35,259.27 2 300
github.com/renproject/pack/int.go:262.2,262.12 1 200
github.com/renproject/pack/int.go:259.27,260.20 1 100
github.com/renproject/pack/int.go:266.35,268.27 2 300
github.com/renproject/pack/int.go:271.2,271.12 1 200
github.com/renproject/pack/int.go:268.27,269.21 1 100
github.com/renproject/pack/int.go:276.38,278.29 2 300
github.com/renproject/pack/int.go:278.29,279.20 1 100
github.com/renproject/pack/int.go:285.38,287.21 2 300
github.com/renproject/pack/int.go:290.2,290.17 1 200
github.com/renproject/pack/int.go:287.21,288.21 1 100
github.com/renproject/pack/int.go:295.38,297.2 1 200
github.com/renproject/pack/int.go:300.31,302.2 1 823
github.com/renproject/pack/int.go:305.66,307.2 1 124793
github.com/renproject/pack/int.go:310.69,312.2 1 55254
github.com/renproject/pack/int.go:316.46,318.2 1 146
github.com/renproject/pack/int.go:322.50,324.51 2 146
github.com/renproject/pack/int.go:327.2,328.16 2 146
github.com/renproject/pack/int.go:331.2,332.12 2 146
github.com/renproject/pack/int.go:324.51,326.3 1 0
github.com/renproject/pack/int.go:328.16,330.3 1 0
github.com/renproject/pack/int.go:335.32,337.2 1 1946
github.com/renproject/pack/int.go:345.27,347.2 1 2659
github.com/renproject/pack/int.go:350.29,352.2 1 100
github.com/renproject/pack/int.go:355.31,357.2 1 100
github.com/renproject/pack/int.go:360.31,362.2 1 100
github.com/renproject/pack/int.go:365.24,367.2 1 528427
github.com/renproject/pack/int.go:370.32,372.2 1 300
github.com/renproject/pack/int.go:375.35,377.27 2 300
github.com/renproject/pack/int.go:380.2,380.12 1 200
github.com/renproject/pack/int.go:377.27,378.20 1 100
github.com/renproject/pack/int.go:384.35,386.27 2 300
github.com/renproject/pack/int.go:389.2,389.12 1 200
github.com/renproject/pack/int.go:386.27,387.21 1 100
github.com/renproject/pack/int.go:394.38,396.29 2 300
github.com/renproject/pack/int.go:396.29,397.20 1 100
github.com/renproject/pack/int.go:403.38,405.21 2 300
github.com/renproject/pack/int.go:408.2,408.17 1 200
github.com/renproject/pack/int.go:405.21,406.21 1 100
github.com/renproject/pack/int.go:413.38,415.2 1 203
github.com/renproject/pack/int.go:418.31,420.2 1 803
github.com/renproject/pack/int.go:423.66,425.2 1 130752
github.com/renproject/pack/int.go:428.69,430.2 1 68303
github.com/renproject/pack/int.go:434.46,436.2 1 141
github.com/renproject/pack/int.go:440.50,442.51 2 141
github.com/renproject/pack/int.go:445.2,446.16 2 141
github.com/renproject/pack/int.go:449.2,450.12 2 141
github.com/renproject/pack/int.go:442.51,444.3 1 0
github.com/renproject/pack/int.go:446.16,448.3 1 0
github.com/renproject/pack/int.go:453.32,455.2 1 1941
github.com/renproject/pack/int.go:461.31,463.2 1 2446
github.com/renproject/pack/int.go:465.31,467.2 1 100
github.com/renproject/pack/int.go:469.33,471.2 1 100
github.com/renproject/pack/int.go:473.33,475.2 1 100
github.com/renproject/pack/int.go:477.33,479.2 1 100
github.com/renproject/pack/int.go:481.38,482.20 1 201
github.com/renproject/pack/int.go:485.2,485.30 1 200
github.com/renproject/pack/int.go:488.2,488.41 1 200
github.com/renproject/pack/int.go:482.20,483.21 1 1
github.com/renproject/pack/int.go:485.30,486.20 1 0
github.com/renproject/pack/int.go:492.25,494.2 1 458464
github.com/renproject/pack/int.go:496.33,498.2 1 200
github.com/renproject/pack/int.go:500.37,502.2 1 100
github.com/renproject/pack/int.go:504.33,507.2 2 100
github.com/renproject/pack/int.go:509.39,511.24 2 300
github.com/renproject/pack/int.go:516.2,516.39 1 300
github.com/renproject/pack/int.go:519.2,519.12 1 200
github.com/renproject/pack/int.go:511.24,513.3 1 100
github.com/renproject/pack/int.go:513.8,515.3 1 200
github.com/renproject/pack/int.go:516.39,517.20 1 100
github.com/renproject/pack/int.go:522.39,524.24 2 300
github.com/renproject/pack/int.go:529.2,529.28 1 300
github.com/renproject/pack/int.go:532.2,532.12 1 200
github.com/renproject/pack/int.go:524.24,526.3 1 100
github.com/renproject/pack/int.go:526.8,528.3 1 200
github.com/renproject/pack/int.go:529.28,530.21 1 100
github.com/renproject/pack/int.go:535.41,536.24 1 300
github.com/renproject/pack/int.go:539.2,539.23 1 200
github.com/renproject/pack/int.go:542.2,543.39 2 200
github.com/renproject/pack/int.go:536.24,538.3 1 100
github.com/renproject/pack/int.go:539.23,541.3 1 0
github.com/renproject/pack/int.go:543.39,544.20 1 100
github.com/renproject/pack/int.go:548.41,549.24 1 300
github.com/renproject/pack/int.go:552.2,552.23 1 200
github.com/renproject/pack/int.go:555.2,556.29 2 200
github.com/renproject/pack/int.go:549.24,551.3 1 100
github.com/renproject/pack/int.go:552.23,554.3 1 0
github.com/renproject/pack/int.go:556.29,557.21 1 100
github.com/renproject/pack/int.go:561.41,562.23 1 200
github.com/renproject/pack/int.go:565.2,565.24 1 200
github.com/renproject/pack/int.go:568.2,568.41 1 200
github.com/renproject/pack/int.go:562.23,564.3 1 0
github.com/renproject/pack/int.go:565.24,567.3 1 0
github.com/renproject/pack/int.go:571.33,573.2 1 798
github.com/renproject/pack/int.go:575.68,576.31 1 120380
github.com/renproject/pack/int.go:579.2,581.32 3 114476
github.com/renproject/pack/int.go:576.31,578.3 1 5904
github.com/renproject/pack/int.go:584.71,585.31 1 63298
github.com/renproject/pack/int.go:588.2,590.23 3 58530
github.com/renproject/pack/int.go:593.2,594.32 2 58530
github.com/renproject/pack/int.go:585.31,587.3 1 4768
github.com/renproject/pack/int.go:590.23,592.3 1 58530
github.com/renproject/pack/int.go:597.48,599.2 1 144
github.com/renproject/pack/int.go:601.52,603.51 2 144
github.com/renproject/pack/int.go:606.2,606.23 1 144
github.com/renproject/pack/int.go:609.2,610.9 2 144
github.com/renproject/pack/int.go:613.2,613.29 1 144
github.com/renproject/pack/int.go:616.2,616.39 1 144
github.com/renproject/pack/int.go:619.2,619.12 1 144
github.com/renproject/pack/int.go:603.51,605.3 1 0
github.com/renproject/pack/int.go:606.23,608.3 1 144
github.com/renproject/pack/int.go:610.9,612.3 1 0
github.com/renproject/pack/int.go:613.29,615.3 1 0
github.com/renproject/pack/int.go:616.39,618.3 1 0
github.com/renproject/pack/int.go:622.34,624.2 1 1944
github.com/renproject/pack/int.go:630.31,632.2 1 2291
github.com/renproject/pack/int.go:634.31,636.2 1 100
github.com/renproject/pack/int.go:638.33,640.2 1 100
github.com/renproject/pack/int.go:642.33,644.2 1 100
github.com/renproject/pack/int.go:646.33,648.2 1 100
github.com/renproject/pack/int.go:650.35,652.2 1 100
github.com/renproject/pack/int.go:654.38,655.20 1 301
github.com/renproject/pack/int.go:658.2,658.30 1 300
github.com/renproject/pack/int.go:661.2,661.41 1 300
github.com/renproject/pack/int.go:655.20,656.21 1 1
github.com/renproject/pack/int.go:658.30,659.20 1 0
github.com/renproject/pack/int.go:665.25,667.2 1 727647
github.com/renproject/pack/int.go:669.33,671.2 1 100
github.com/renproject/pack/int.go:673.37,675.2 1 100
github.com/renproject/pack/int.go:677.33,680.2 2 100
github.com/renproject/pack/int.go:682.39,684.24 2 300
github.com/renproject/pack/int.go:689.2,689.38 1 300
github.com/renproject/pack/int.go:692.2,692.12 1 200
github.com/renproject/pack/int.go:684.24,686.3 1 100
github.com/renproject/pack/int.go:686.8,688.3 1 200
github.com/renproject/pack/int.go:689.38,690.20 1 100
github.com/renproject/pack/int.go:695.39,697.24 2 300
github.com/renproject/pack/int.go:702.2,702.28 1 300
github.com/renproject/pack/int.go:705.2,705.12 1 200
github.com/renproject/pack/int.go:697.24,699.3 1 100
github.com/renproject/pack/int.go:699.8,701.3 1 200
github.com/renproject/pack/int.go:702.28,703.21 1 100
github.com/renproject/pack/int.go:708.41,709.24 1 300
github.com/renproject/pack/int.go:712.2,712.23 1 200
github.com/renproject/pack/int.go:715.2,716.39 2 200
github.com/renproject/pack/int.go:709.24,711.3 1 100
github.com/renproject/pack/int.go:712.23,714.3 1 0
github.com/renproject/pack/int.go:716.39,717.20 1 100
github.com/renproject/pack/int.go:721.41,722.24 1 300
github.com/renproject/pack/int.go:725.2,725.23 1 200
github.com/renproject/pack/int.go:728.2,729.29 2 200
github.com/renproject/pack/int.go:722.24,724.3 1 100
github.com/renproject/pack/int.go:725.23,727.3 1 0
github.com/renproject/pack/int.go:729.29,730.21 1 100
github.com/renproject/pack/int.go:734.41,735.23 1 200
github.com/renproject/pack/int.go:738.2,738.24 1 200
github.com/renproject/pack/int.go:741.2,741.41 1 200
github.com/renproject/pack/int.go:735.23,737.3 1 0
github.com/renproject/pack/int.go:738.24,740.3 1 0
github.com/renproject/pack/int.go:744.33,746.2 1 851
github.com/renproject/pack/int.go:748.68,749.31 1 167602
github.com/renproject/pack/int.go:752.2,754.32 3 154226
github.com/renproject/pack/int.go:749.31,751.3 1 13376
github.com/renproject/pack/int.go:757.71,758.31 1 55570
github.com/renproject/pack/int.go:761.2,763.23 3 46450
github.com/renproject/pack/int.go:766.2,767.32 2 46450
github.com/renproject/pack/int.go:758.31,760.3 1 9120
github.com/renproject/pack/int.go:763.23,765.3 1 46450
github.com/renproject/pack/int.go:770.48,772.2 1 135
github.com/renproject/pack/int.go:774.52,776.51 2 135
github.com/renproject/pack/int.go:779.2,779.23 1 135
github.com/renproject/pack/int.go:782.2,783.9 2 135
github.com/renproject/pack/int.go:786.2,786.29 1 135
github.com/renproject/pack/int.go:789.2,789.39 1 135
github.com/renproject/pack/int.go:792.2,792.12 1 135
github.com/renproject/pack/int.go:776.51,778.3 1 0
github.com/renproject/pack/int.go:779.23,781.3 1 135
github.com/renproject/pack/int.go:783.9,785.3 1 0
github.com/renproject/pack/int.go:786.29,788.3 1 0
github.com/renproject/pack/int.go:789.39,791.3 1 0
github.com/renproject/pack/int.go:795.34,797.2 1 1935
github.com/renproject/pack/int.go:801.61,804.2 2 1165
github.com/renproject/pack/int.go:808.63,811.2 2 1136
github.com/renproject/pack/int.go:815.63,818.2 2 1171
github.com/renproject/pack/int.go:822.63,825.2 2 1146
github.com/renproject/pack/int.go:829.65,832.2 2 1144
github.com/renproject/pack/int.go:836.65,839.2 2 1189
github.com/renproject/pack/int.go:846.43,847.28 1 114676
github.com/renproject/pack/int.go:850.2,852.12 3 114676
github.com/renproject/pack/int.go:847.28,848.76 1 0
github.com/renproject/pack/int.go:860.43,861.28 1 154426
github.com/renproject/pack/int.go:864.2,866.12 3 154426
github.com/renproject/pack/int.go:861.28,862.76 1 0
github.com/renproject/pack/int.go:875.44,877.34 2 269102
github.com/renproject/pack/int.go:877.34,878.43 1 847056
github.com/renproject/pack/int.go:878.43,882.4 3 6776448
github.com/renproject/pack/int.go:895.20,897.3 1 1
github.com/renproject/pack/int.go:898.22,900.3 1 1
github.com/renproject/pack/int.go:901.22,903.3 1 1
github.com/renproject/pack/int.go:904.22,906.3 1 1
github.com/renproject/pack/int.go:907.24,910.3 2 1
github.com/renproject/pack/int.go:911.24,914.3 2 1
github.com/renproject/pack/kind.go:55.34,56.14 1 22588
github.com/renproject/pack/kind.go:58.16,59.16 1 6649
github.com/renproject/pack/kind.go:60.14,61.14 1 12613
github.com/renproject/pack/kind.go:62.15,63.15 1 558
github.com/renproject/pack/kind.go:64.15,65.15 1 510
github.com/renproject/pack/kind.go:66.15,67.15 1 454
github.com/renproject/pack/kind.go:68.16,69.16 1 400
github.com/renproject/pack/kind.go:70.16,71.16 1 346
github.com/renproject/pack/kind.go:74.18,75.18 1 318
github.com/renproject/pack/kind.go:76.17,77.17 1 257
github.com/renproject/pack/kind.go:78.19,79.19 1 206
github.com/renproject/pack/kind.go:80.19,81.19 1 169
github.com/renproject/pack/kind.go:84.18,85.18 1 46
github.com/renproject/pack/kind.go:86.16,87.16 1 30
github.com/renproject/pack/kind.go:88.10,89.15 1 32
github.com/renproject/pack/kind.go:95.33,97.2 1 32636
github.com/renproject/pack/kind.go:100.68,102.2 1 33474097
github.com/renproject/pack/kind.go:105.71,107.2 1 33868244
github.com/renproject/pack/kind.go:111.48,113.2 1 6594
github.com/renproject/pack/kind.go:117.52,118.39 1 6604
github.com/renproject/pack/kind.go:119.25,121.13 2 44
github.com/renproject/pack/kind.go:122.23,124.13 2 6053
github.com/renproject/pack/kind.go:125.24,127.13 2 51
github.com/renproject/pack/kind.go:128.24,130.13 2 53
github.com/renproject/pack/kind.go:131.24,133.13 2 51
github.com/renproject/pack/kind.go:134.25,136.13 2 48
github.com/renproject/pack/kind.go:137.25,139.13 2 42
github.com/renproject/pack/kind.go:140.27,142.13 2 56
github.com/renproject/pack/kind.go:143.26,145.13 2 51
github.com/renproject/pack/kind.go:146.28,148.13 2 51
github.com/renproject/pack/kind.go:149.28,151.13 2 65
github.com/renproject/pack/kind.go:152.27,154.13 2 17
github.com/renproject/pack/kind.go:155.25,157.13 2 8
github.com/renproject/pack/kind.go:158.10,160.13 2 14
github.com/renproject/pack/kind.go:166.65,167.22 1 4369
github.com/renproject/pack/kind.go:168.9,169.35 1 363
github.com/renproject/pack/kind.go:170.9,171.33 1 365
github.com/renproject/pack/kind.go:172.9,173.34 1 336
github.com/renproject/pack/kind.go:174.9,175.34 1 371
github.com/renproject/pack/kind.go:176.9,177.34 1 346
github.com/renproject/pack/kind.go:178.9,179.35 1 344
github.com/renproject/pack/kind.go:180.9,181.35 1 389
github.com/renproject/pack/kind.go:182.9,183.37 1 369
github.com/renproject/pack/kind.go:184.9,185.36 1 370
github.com/renproject/pack/kind.go:186.9,187.38 1 353
github.com/renproject/pack/kind.go:188.10,189.38 1 394
github.com/renproject/pack/kind.go:190.10,191.37 1 369
github.com/renproject/pack/kind.go:197.10,199.34 1 0
github.com/renproject/pack/struct.go:19.59,21.2 1 9
github.com/renproject/pack/struct.go:25.37,27.2 1 3477
github.com/renproject/pack/struct.go:30.72,32.59 2 1410972
github.com/renproject/pack/struct.go:35.2,35.22 1 1356796
github.com/renproject/pack/struct.go:32.59,34.3 1 54176
github.com/renproject/pack/struct.go:41.69,43.6 2 4000
github.com/renproject/pack/struct.go:43.6,48.3 1 4000
github.com/renproject/pack/struct.go:64.42,66.30 2 7
github.com/renproject/pack/struct.go:72.2,72.29 1 7
github.com/renproject/pack/struct.go:66.30,71.3 1 9
github.com/renproject/pack/struct.go:77.29,79.26 2 127299
github.com/renproject/pack/struct.go:82.2,82.10 1 127299
github.com/renproject/pack/struct.go:79.26,81.3 1 6319560
github.com/renproject/pack/struct.go:87.40,88.26 1 4004
github.com/renproject/pack/struct.go:93.2,93.12 1 3973
github.com/renproject/pack/struct.go:88.26,89.25 1 96982
github.com/renproject/pack/struct.go:89.25,91.4 1 31
github.com/renproject/pack/struct.go:98.54,99.20 1 2
github.com/renproject/pack/struct.go:106.2,106.12 1 1
github.com/renproject/pack/struct.go:99.20,100.27 1 2
github.com/renproject/pack/struct.go:100.27,104.4 3 1
github.com/renproject/pack/struct.go:111.32,113.26 2 70
github.com/renproject/pack/struct.go:116.2,116.14 1 70
github.com/renproject/pack/struct.go:113.26,115.3 1 3477
github.com/renproject/pack/struct.go:120.67,122.26 2 54206
github.com/renproject/pack/struct.go:128.2,128.22 1 30
github.com/renproject/pack/struct.go:122.26,124.17 2 1410972
github.com/renproject/pack/struct.go:124.17,126.4 1 54176
github.com/renproject/pack/struct.go:134.47,136.26 2 10
github.com/renproject/pack/struct.go:143.2,143.26 1 10
github.com/renproject/pack/struct.go:136.26,138.17 2 494
github.com/renproject/pack/struct.go:141.3,141.46 1 494
github.com/renproject/pack/struct.go:138.17,140.4 1 0
github.com/renproject/pack/struct.go:149.62,151.28 2 80
github.com/renproject/pack/struct.go:157.2,157.27 1 80
github.com/renproject/pack/struct.go:151.28,153.37 2 4000
github.com/renproject/pack/struct.go:153.37,155.4 1 3971
github.com/renproject/pack/type.go:29.28,31.2 1 0
github.com/renproject/pack/type.go:33.80,35.2 1 0
github.com/renproject/pack/type.go:37.63,39.2 1 0
github.com/renproject/pack/type.go:41.33,43.2 1 0
github.com/renproject/pack/type.go:45.68,47.2 1 0
github.com/renproject/pack/type.go:49.48,51.2 1 0
github.com/renproject/pack/type.go:55.29,57.2 1 659550
github.com/renproject/pack/type.go:59.81,63.2 3 47827
github.com/renproject/pack/type.go:65.64,69.2 3 44
github.com/renproject/pack/type.go:71.34,73.2 1 231
github.com/renproject/pack/type.go:75.69,77.2 1 0
github.com/renproject/pack/type.go:79.49,81.2 1 44
github.com/renproject/pack/type.go:85.27,87.2 1 59971946
github.com/renproject/pack/type.go:89.79,93.2 3 53797
github.com/renproject/pack/type.go:95.62,99.2 3 44
github.com/renproject/pack/type.go:101.32,103.2 1 30232
github.com/renproject/pack/type.go:105.67,107.2 1 0
github.com/renproject/pack/type.go:109.47,111.2 1 6044
github.com/renproject/pack/type.go:115.28,117.2 1 610796
github.com/renproject/pack/type.go:119.80,123.2 3 46379
github.com/renproject/pack/type.go:125.63,129.2 3 45
github.com/renproject/pack/type.go:131.33,133.2 1 205
github.com/renproject/pack/type.go:135.68,137.2 1 0
github.com/renproject/pack/type.go:139.48,141.2 1 45
github.com/renproject/pack/type.go:145.28,147.2 1 667419
github.com/renproject/pack/type.go:149.80,153.2 3 54353
github.com/renproject/pack/type.go:155.63,159.2 3 46
github.com/renproject/pack/type.go:161.33,163.2 1 238
github.com/renproject/pack/type.go:165.68,167.2 1 0
github.com/renproject/pack/type.go:169.48,171.2 1 46
github.com/renproject/pack/type.go:175.28,177.2 1 662898
github.com/renproject/pack/type.go:179.80,183.2 3 66602
github.com/renproject/pack/type.go:185.63,189.2 3 41
github.com/renproject/pack/type.go:191.33,193.2 1 210
github.com/renproject/pack/type.go:195.68,197.2 1 0
github.com/renproject/pack/type.go:199.48,201.2 1 41
github.com/renproject/pack/type.go:205.29,207.2 1 549480
github.com/renproject/pack/type.go:209.81,213.2 3 59997
github.com/renproject/pack/type.go:215.64,219.2 3 44
github.com/renproject/pack/type.go:221.34,223.2 1 202
github.com/renproject/pack/type.go:225.69,227.2 1 0
github.com/renproject/pack/type.go:229.49,231.2 1 44
github.com/renproject/pack/type.go:235.29,237.2 1 879386
github.com/renproject/pack/type.go:239.81,243.2 3 49069
github.com/renproject/pack/type.go:245.64,249.2 3 35
github.com/renproject/pack/type.go:251.34,253.2 1 247
github.com/renproject/pack/type.go:255.69,257.2 1 0
github.com/renproject/pack/type.go:259.49,261.2 1 35
github.com/renproject/pack/type.go:265.31,267.2 1 654559
github.com/renproject/pack/type.go:269.83,273.2 3 63851
github.com/renproject/pack/type.go:275.66,279.2 3 50
github.com/renproject/pack/type.go:281.36,283.2 1 225
github.com/renproject/pack/type.go:285.71,287.2 1 0
github.com/renproject/pack/type.go:289.51,291.2 1 50
github.com/renproject/pack/type.go:295.30,297.2 1 758283
github.com/renproject/pack/type.go:299.82,303.2 3 63050
github.com/renproject/pack/type.go:305.65,309.2 3 41
github.com/renproject/pack/type.go:311.35,313.2 1 243
github.com/renproject/pack/type.go:315.70,317.2 1 0
github.com/renproject/pack/type.go:319.50,321.2 1 41
github.com/renproject/pack/type.go:325.32,327.2 1 703175
github.com/renproject/pack/type.go:329.84,333.2 3 56878
github.com/renproject/pack/type.go:335.67,339.2 3 46
github.com/renproject/pack/type.go:341.37,343.2 1 225
github.com/renproject/pack/type.go:345.72,347.2 1 0
github.com/renproject/pack/type.go:349.52,351.2 1 46
github.com/renproject/pack/type.go:355.32,357.2 1 653997
github.com/renproject/pack/type.go:359.84,363.2 3 61164
github.com/renproject/pack/type.go:365.67,369.2 3 58
github.com/renproject/pack/type.go:371.37,373.2 1 228
github.com/renproject/pack/type.go:375.72,377.2 1 0
github.com/renproject/pack/type.go:379.52,381.2 1 58
github.com/renproject/pack/type.go:388.45,390.2 1 32486
github.com/renproject/pack/type.go:392.80,394.75 2 34644262
github.com/renproject/pack/type.go:397.2,397.67 1 33346761
github.com/renproject/pack/type.go:400.2,400.22 1 33333768
github.com/renproject/pack/type.go:394.75,396.3 1 1297501
github.com/renproject/pack/type.go:397.67,399.3 1 12993
github.com/renproject/pack/type.go:403.83,405.78 2 35050573
github.com/renproject/pack/type.go:408.2,408.70 1 33741495
github.com/renproject/pack/type.go:411.2,411.22 1 33728499
github.com/renproject/pack/type.go:405.78,407.3 1 1309078
github.com/renproject/pack/type.go:408.70,410.3 1 12996
github.com/renproject/pack/type.go:414.60,416.16 2 6494
github.com/renproject/pack/type.go:419.2,419.66 1 6494
github.com/renproject/pack/type.go:416.16,418.3 1 0
github.com/renproject/pack/type.go:422.64,424.51 2 6494
github.com/renproject/pack/type.go:427.2,427.19 1 6494
github.com/renproject/pack/type.go:430.2,430.30 1 6494
github.com/renproject/pack/type.go:439.2,439.22 1 0
github.com/renproject/pack/type.go:424.51,426.3 1 0
github.com/renproject/pack/type.go:427.19,429.3 1 0
github.com/renproject/pack/type.go:430.30,433.17 3 6494
github.com/renproject/pack/type.go:436.3,437.13 2 6494
github.com/renproject/pack/type.go:433.17,435.4 1 0
github.com/renproject/pack/type.go:442.71,444.6 2 36000
github.com/renproject/pack/type.go:444.6,449.3 1 36000
github.com/renproject/pack/type.go:454.31,456.2 1 254574
github.com/renproject/pack/type.go:458.85,460.26 2 25619
github.com/renproject/pack/type.go:468.2,468.25 1 10
github.com/renproject/pack/type.go:460.26,463.77 3 622965
github.com/renproject/pack/type.go:466.3,466.61 1 597356
github.com/renproject/pack/type.go:463.77,465.4 1 25609
github.com/renproject/pack/type.go:471.68,473.51 2 10
github.com/renproject/pack/type.go:476.2,477.26 2 10
github.com/renproject/pack/type.go:488.2,488.15 1 10
github.com/renproject/pack/type.go:473.51,475.3 1 0
github.com/renproject/pack/type.go:477.26,479.10 2 494
github.com/renproject/pack/type.go:482.3,483.17 2 494
github.com/renproject/pack/type.go:486.3,486.61 1 494
github.com/renproject/pack/type.go:479.10,481.4 1 0
github.com/renproject/pack/type.go:483.17,485.4 1 0
github.com/renproject/pack/type.go:491.36,493.26 2 650
github.com/renproject/pack/type.go:496.2,496.14 1 650
github.com/renproject/pack/type.go:493.26,495.3 1 32486
github.com/renproject/pack/type.go:499.71,502.16 3 1338442
github.com/renproject/pack/type.go:505.2,505.26 1 1337402
github.com/renproject/pack/type.go:511.2,511.22 1 26908
github.com/renproject/pack/type.go:502.16,504.3 1 1040
github.com/renproject/pack/type.go:505.26,507.17 2 34644262
github.com/renproject/pack/type.go:507.17,509.4 1 1310494
github.com/renproject/pack/type.go:514.74,518.16 4 1348861
github.com/renproject/pack/type.go:521.2,521.41 1 1347813
github.com/renproject/pack/type.go:529.2,529.22 1 25739
github.com/renproject/pack/type.go:518.16,520.3 1 1048
github.com/renproject/pack/type.go:521.41,524.17 3 35050573
github.com/renproject/pack/type.go:527.3,527.25 1 33728499
github.com/renproject/pack/type.go:524.17,526.4 1 1322074
github.com/renproject/pack/type.go:532.51,534.26 2 130
github.com/renproject/pack/type.go:541.2,541.26 1 130
github.com/renproject/pack/type.go:534.26,536.17 2 6494
github.com/renproject/pack/type.go:539.3,539.20 1 6494
github.com/renproject/pack/type.go:536.17,538.4 1 0
github.com/renproject/pack/type.go:544.55,546.51 2 130
github.com/renproject/pack/type.go:549.2,550.31 2 130
github.com/renproject/pack/type.go:557.2,557.12 1 130
github.com/renproject/pack/type.go:546.51,548.3 1 0
github.com/renproject/pack/type.go:550.31,552.55 2 6494
github.com/renproject/pack/type.go:555.3,555.18 1 6494
github.com/renproject/pack/type.go:552.55,554.4 1 0
github.com/renproject/pack/type.go:560.66,562.28 2 720
github.com/renproject/pack/type.go:565.2,565.54 1 720
github.com/renproject/pack/type.go:562.28,564.3 1 36000
github.com/renproject/pack/type.go:570.31,571.18 1 32536
github.com/renproject/pack/type.go:572.16,573.22 1 231
github.com/renproject/pack/type.go:574.14,575.22 1 30232
github.com/renproject/pack/type.go:576.15,577.22 1 205
github.com/renproject/pack/type.go:578.15,579.22 1 238
github.com/renproject/pack/type.go:580.15,581.22 1 210
github.com/renproject/pack/type.go:582.16,583.22 1 202
github.com/renproject/pack/type.go:584.16,585.22 1 247
github.com/renproject/pack/type.go:586.18,587.22 1 225
github.com/renproject/pack/type.go:588.17,589.22 1 243
github.com/renproject/pack/type.go:590.19,591.22 1 225
github.com/renproject/pack/type.go:592.19,593.22 1 228
github.com/renproject/pack/type.go:594.28,595.44 1 50
github.com/renproject/pack/type.go:596.10,597.11 1 0
github.com/renproject/pack/type.go:602.68,603.18 1 33473997
github.com/renproject/pack/type.go:604.16,605.36 1 329499
github.com/renproject/pack/type.go:606.14,607.36 1 29949697
github.com/renproject/pack/type.go:608.15,609.36 1 305148
github.com/renproject/pack/type.go:610.15,611.36 1 333425
github.com/renproject/pack/type.go:612.15,613.36 1 331198
github.com/renproject/pack/type.go:614.16,615.36 1 274494
github.com/renproject/pack/type.go:616.16,617.36 1 439411
github.com/renproject/pack/type.go:618.18,619.36 1 327004
github.com/renproject/pack/type.go:620.17,621.36 1 378857
github.com/renproject/pack/type.go:622.19,623.36 1 351316
github.com/renproject/pack/type.go:624.19,625.36 1 326712
github.com/renproject/pack/type.go:626.28,628.61 2 127236
github.com/renproject/pack/type.go:631.3,631.54 1 127216
github.com/renproject/pack/type.go:634.3,634.23 1 26548
github.com/renproject/pack/type.go:635.10,636.23 1 0
github.com/renproject/pack/type.go:628.61,630.4 1 20
github.com/renproject/pack/type.go:631.54,633.4 1 100668
github.com/renproject/pack/type.go:641.71,644.58 3 33868144
github.com/renproject/pack/type.go:647.2,647.14 1 33855128
github.com/renproject/pack/type.go:644.58,646.3 1 13016
github.com/renproject/pack/type.go:648.16,650.23 2 303478
github.com/renproject/pack/type.go:651.14,653.23 2 30338294
github.com/renproject/pack/type.go:654.15,656.23 2 278197
github.com/renproject/pack/type.go:657.15,659.23 2 349532
github.com/renproject/pack/type.go:660.15,662.23 2 386565
github.com/renproject/pack/type.go:663.16,665.23 2 364711
github.com/renproject/pack/type.go:666.16,668.23 2 312829
github.com/renproject/pack/type.go:669.18,671.23 2 345697
github.com/renproject/pack/type.go:672.17,674.23 2 366378
github.com/renproject/pack/type.go:675.19,677.23 2 333565
github.com/renproject/pack/type.go:678.19,680.23 2 349255
github.com/renproject/pack/type.go:681.18,683.57 2 126609
github.com/renproject/pack/type.go:686.3,687.23 2 25619
github.com/renproject/pack/type.go:695.10,696.59 1 18
github.com/renproject/pack/type.go:683.57,685.4 1 100990
github.com/renproject/pack/type.go:700.46,702.16 2 6494
github.com/renproject/pack/type.go:705.2,705.18 1 6494
github.com/renproject/pack/type.go:702.16,704.3 1 0
github.com/renproject/pack/type.go:706.18,709.5 1 0
github.com/renproject/pack/type.go:710.16,713.5 1 0
github.com/renproject/pack/type.go:714.10,715.18 1 6494
github.com/renproject/pack/type.go:719.51,725.52 2 6504
github.com/renproject/pack/type.go:755.2,756.51 2 10
github.com/renproject/pack/type.go:759.2,759.19 1 10
github.com/renproject/pack/type.go:762.2,762.30 1 10
github.com/renproject/pack/type.go:774.2,774.22 1 0
github.com/renproject/pack/type.go:725.52,726.15 1 6494
github.com/renproject/pack/type.go:727.17,728.26 1 44
github.com/renproject/pack/type.go:729.15,730.24 1 6044
github.com/renproject/pack/type.go:731.16,732.25 1 45
github.com/renproject/pack/type.go:733.16,734.25 1 46
github.com/renproject/pack/type.go:735.16,736.25 1 41
github.com/renproject/pack/type.go:737.17,738.26 1 44
github.com/renproject/pack/type.go:739.17,740.26 1 35
github.com/renproject/pack/type.go:741.19,742.28 1 50
github.com/renproject/pack/type.go:743.18,744.27 1 41
github.com/renproject/pack/type.go:745.20,746.29 1 46
github.com/renproject/pack/type.go:747.20,748.29 1 58
github.com/renproject/pack/type.go:749.11,750.25 1 0
github.com/renproject/pack/type.go:756.51,758.3 1 0
github.com/renproject/pack/type.go:759.19,761.3 1 0
github.com/renproject/pack/type.go:762.30,763.15 1 10
github.com/renproject/pack/type.go:764.19,766.51 2 10
github.com/renproject/pack/type.go:769.4,769.17 1 10
github.com/renproject/pack/type.go:770.11,771.25 1 0
github.com/renproject/pack/type.go:766.51,768.5 1 0
